[2022-11-06T19:17:13.699Z  Level: [31merror[39m  Intengo de registrar usuario existente: {
  _id: new ObjectId("6367144c26a88a5c4a4ae039"),
  email: 'tutu@coder.com',
  password: '$2b$10$cLPYjwxI/Ille83cLnjNcO4.DPDNuu17w/DOGXDY5fUK4FDQeF1L.',
  nombre: 'Tutu',
  direccion: 'Evergreen Terrace 742',
  edad: 54,
  telefono: '+5491163279632',
  foto: 'https://randomuser.me/api/portraits/med/men/91.jpg',
  createdAt: 2022-11-06T01:56:28.563Z,
  updatedAt: 2022-11-06T01:56:28.563Z
}]
[2022-11-06T19:19:40.655Z  Level: [31merror[39m  Intengo de registrar usuario existente: {
  _id: new ObjectId("6367144c26a88a5c4a4ae039"),
  email: 'tutu@coder.com',
  password: '$2b$10$cLPYjwxI/Ille83cLnjNcO4.DPDNuu17w/DOGXDY5fUK4FDQeF1L.',
  nombre: 'Tutu',
  direccion: 'Evergreen Terrace 742',
  edad: 54,
  telefono: '+5491163279632',
  foto: 'https://randomuser.me/api/portraits/med/men/91.jpg',
  createdAt: 2022-11-06T01:56:28.563Z,
  updatedAt: 2022-11-06T01:56:28.563Z
}]
[2022-11-06T19:20:33.473Z  Level: [31merror[39m  Intengo de registrar usuario existente: {
  _id: new ObjectId("6367144c26a88a5c4a4ae039"),
  email: 'tutu@coder.com',
  password: '$2b$10$cLPYjwxI/Ille83cLnjNcO4.DPDNuu17w/DOGXDY5fUK4FDQeF1L.',
  nombre: 'Tutu',
  direccion: 'Evergreen Terrace 742',
  edad: 54,
  telefono: '+5491163279632',
  foto: 'https://randomuser.me/api/portraits/med/men/91.jpg',
  createdAt: 2022-11-06T01:56:28.563Z,
  updatedAt: 2022-11-06T01:56:28.563Z
}]
[2022-11-09T21:59:35.052Z  Level: [31merror[39m  Error modificando usuario: ReferenceError: foto is not defined]
[2022-11-13T18:27:09.692Z  Level: [31merror[39m  Error al conectar a la fuente de datos: CastError: Cast to ObjectId failed for value "Todos" (type string) at path "_id" for model "productos"]
[2022-11-13T18:27:35.323Z  Level: [31merror[39m  Error al conectar a la fuente de datos: CastError: Cast to ObjectId failed for value "Todos" (type string) at path "_id" for model "productos"]
[2022-11-13T18:27:38.439Z  Level: [31merror[39m  Error al conectar a la fuente de datos: CastError: Cast to ObjectId failed for value "Todos" (type string) at path "_id" for model "productos"]
[2022-11-13T18:27:48.027Z  Level: [31merror[39m  Error al conectar a la fuente de datos: CastError: Cast to ObjectId failed for value "Todos" (type string) at path "_id" for model "productos"]
[2022-12-09T01:19:24.822Z  Level: [31merror[39m  Error de envío de mail: Error: Invalid login: 535-5.7.8 Username and Password not accepted. Learn more at
535 5.7.8  https://support.google.com/mail/?p=BadCredentials c19-20020a056870479300b00130d060ce80sm173986oaq.31 - gsmtp]
[2022-12-20T20:07:32.482Z  Level: [31merror[39m  Error al conectar a la fuente de datos: CastError: Cast to ObjectId failed for value "6365d8f4afcc7d0b59d47de88" (type string) at path "_id" for model "productos"]
[2022-12-20T20:07:53.061Z  Level: [31merror[39m  Error al conectar a la fuente de datos: CastError: Cast to ObjectId failed for value "6365d8f4afcc7d0b59d47de888" (type string) at path "_id" for model "productos"]
[2022-12-20T20:32:05.736Z  Level: [31merror[39m  Error al conectar a la fuente de datos: CastError: Cast to ObjectId failed for value "dfg" (type string) at path "_id" for model "productos"]
[2022-12-20T20:49:29.228Z  Level: [31merror[39m  Error al conectar a la fuente de datos: CastError: Cast to ObjectId failed for value " " (type string) at path "_id" for model "productos"]
[2022-12-20T20:50:20.330Z  Level: [31merror[39m  Error al conectar a la fuente de datos: CastError: Cast to ObjectId failed for value " " (type string) at path "_id" for model "productos"]
[2022-12-20T22:16:13.440Z  Level: [31merror[39m  Error al conectar a la fuente de datos: ValidationError: id: Path `id` is required.]
[2022-12-20T22:17:30.130Z  Level: [31merror[39m  Error al conectar a la fuente de datos: ValidationError: id: Path `id` is required.]
[2022-12-26T03:07:44.973Z  Level: [31merror[39m  ERROR AL INTENTAR GUARDAR CHAT: ValidationError: usrMsg: Path `usrMsg` is required., usrMail: Path `usrMail` is required. ]
[2022-12-26T03:11:08.443Z  Level: [31merror[39m  ERROR AL INTENTAR GUARDAR CHAT: ValidationError: usrMsg: Path `usrMsg` is required., usrMail: Path `usrMail` is required. ]
[2022-12-26T03:11:46.881Z  Level: [31merror[39m  ERROR AL INTENTAR GUARDAR CHAT: ValidationError: usrMsg: Path `usrMsg` is required., usrMail: Path `usrMail` is required. ]
[2022-12-26T03:13:15.775Z  Level: [31merror[39m  ERROR AL INTENTAR GUARDAR CHAT: ValidationError: usrMsg: Path `usrMsg` is required., usrMail: Path `usrMail` is required. ]
[2022-12-26T03:15:52.055Z  Level: [31merror[39m  ERROR AL INTENTAR GUARDAR CHAT: ValidationError: usrMsg: Path `usrMsg` is required., usrMail: Path `usrMail` is required. ]
[2022-12-29T00:32:26.591Z  Level: [31merror[39m  Error al conectar a la fuente de datos: CastError: Cast to ObjectId failed for value "Todos" (type string) at path "_id" for model "productos"]
[2022-12-29T00:33:17.895Z  Level: [31merror[39m  Error al conectar a la fuente de datos: CastError: Cast to ObjectId failed for value "Todos" (type string) at path "_id" for model "productos"]
[2022-12-29T00:38:24.212Z  Level: [31merror[39m  Error al conectar a la fuente de datos: CastError: Cast to ObjectId failed for value "Todos" (type string) at path "_id" for model "productos"]
[2023-01-01T18:19:54.606Z  Level: [31merror[39m  Cannot access 'carrito' before initialization]
